2024-05-15 12:33:43 root         INFO     Starting sales producer
2024-05-15 12:36:38 root         INFO     Starting sales producer
2024-05-15 12:36:44 root         INFO     Produced {'seller_id': 'KC', 'amount_usd': 163, 'sale_ts': 1715756798696} to topic sales-usd partition 0 offset 1
2024-05-15 12:36:49 root         INFO     Produced {'seller_id': 'OMA', 'amount_usd': 625, 'sale_ts': 1715756804421} to topic sales-usd partition 2 offset 11
2024-05-15 12:36:54 root         INFO     Produced {'seller_id': 'DEN', 'amount_usd': 324, 'sale_ts': 1715756809423} to topic sales-usd partition 2 offset 21
2024-05-15 12:36:59 root         INFO     Produced {'seller_id': 'LNK', 'amount_usd': 367, 'sale_ts': 1715756814425} to topic sales-usd partition 3 offset 10
2024-05-15 12:37:04 root         INFO     Produced {'seller_id': 'LNK', 'amount_usd': 208, 'sale_ts': 1715756819438} to topic sales-usd partition 4 offset 11
2024-05-15 12:37:09 root         INFO     Produced {'seller_id': 'KC', 'amount_usd': 997, 'sale_ts': 1715756824440} to topic sales-usd partition 3 offset 20
2024-05-15 12:37:12 root         INFO     Produced {'seller_id': 'KC', 'amount_usd': 119, 'sale_ts': 1715756829441} to topic sales-usd partition 4 offset 21
2024-05-15 12:47:16 root         INFO     Starting sales producer
2024-05-15 12:47:22 root         INFO     Produced {'seller_id': 'OMA', 'amount_usd': 500, 'sale_ts': 1715757436892} to topic sales-usd partition 0 offset 8
2024-05-15 12:47:27 root         INFO     Produced {'seller_id': 'OMA', 'amount_usd': 200, 'sale_ts': 1715757442371} to topic sales-usd partition 1 offset 9
2024-05-15 12:47:32 root         INFO     Produced {'seller_id': 'OMA', 'amount_usd': 348, 'sale_ts': 1715757447372} to topic sales-usd partition 1 offset 19
2024-05-15 12:47:37 root         INFO     Produced {'seller_id': 'DEN', 'amount_usd': 647, 'sale_ts': 1715757452373} to topic sales-usd partition 2 offset 31
2024-05-15 12:47:42 root         INFO     Produced {'seller_id': 'DEN', 'amount_usd': 488, 'sale_ts': 1715757457374} to topic sales-usd partition 1 offset 29
2024-05-15 12:47:47 root         INFO     Produced {'seller_id': 'LNK', 'amount_usd': 130, 'sale_ts': 1715757462376} to topic sales-usd partition 0 offset 18
2024-05-15 12:47:52 root         INFO     Produced {'seller_id': 'DEN', 'amount_usd': 881, 'sale_ts': 1715757467378} to topic sales-usd partition 0 offset 28
2024-05-15 12:47:57 root         INFO     Produced {'seller_id': 'LNK', 'amount_usd': 587, 'sale_ts': 1715757472378} to topic sales-usd partition 3 offset 30
2024-05-15 12:47:58 root         INFO     Produced {'seller_id': 'OMA', 'amount_usd': 722, 'sale_ts': 1715757477380} to topic sales-usd partition 0 offset 38
2024-05-15 12:56:32 root         INFO     Starting sales producer
2024-05-15 12:57:20 root         INFO     Starting sales producer
2024-05-15 12:57:25 root         INFO     Produced {'seller_id': 'LNK', 'amount_usd': 140, 'sale_ts': '2024-05-15 12:57:20.138'} to topic sales-usd partition 0 offset 40
2024-05-15 12:57:30 root         INFO     Produced {'seller_id': 'DEN', 'amount_usd': 173, 'sale_ts': '2024-05-15 12:57:25.756'} to topic sales-usd partition 3 offset 41
2024-05-15 12:57:35 root         INFO     Produced {'seller_id': 'OMA', 'amount_usd': 649, 'sale_ts': '2024-05-15 12:57:30.759'} to topic sales-usd partition 2 offset 43
2024-05-15 12:58:34 root         INFO     Starting sales producer
2024-05-15 12:58:39 root         INFO     Produced {'seller_id': 'LNK', 'amount_usd': 137, 'sale_ts': '2024-05-15 12:58:34.088'} to topic sales-usd partition 0 offset 42
2024-05-15 12:58:44 root         INFO     Produced {'seller_id': 'LNK', 'amount_usd': 225, 'sale_ts': '2024-05-15 12:58:39.873'} to topic sales-usd partition 5 offset 19
2024-05-15 12:58:49 root         INFO     Produced {'seller_id': 'OMA', 'amount_usd': 247, 'sale_ts': '2024-05-15 12:58:44.874'} to topic sales-usd partition 0 offset 52
2024-05-15 12:58:54 root         INFO     Produced {'seller_id': 'DEN', 'amount_usd': 847, 'sale_ts': '2024-05-15 12:58:49.875'} to topic sales-usd partition 3 offset 52
2024-05-15 12:58:59 root         INFO     Produced {'seller_id': 'KC', 'amount_usd': 230, 'sale_ts': '2024-05-15 12:58:54.877'} to topic sales-usd partition 2 offset 55
2024-05-15 12:59:04 root         INFO     Produced {'seller_id': 'DEN', 'amount_usd': 398, 'sale_ts': '2024-05-15 12:58:59.878'} to topic sales-usd partition 3 offset 62
2024-05-15 12:59:09 root         INFO     Produced {'seller_id': 'LNK', 'amount_usd': 484, 'sale_ts': '2024-05-15 12:59:04.879'} to topic sales-usd partition 2 offset 65
2024-05-15 12:59:14 root         INFO     Produced {'seller_id': 'KC', 'amount_usd': 553, 'sale_ts': '2024-05-15 12:59:09.880'} to topic sales-usd partition 0 offset 62
2024-05-15 12:59:19 root         INFO     Produced {'seller_id': 'OMA', 'amount_usd': 399, 'sale_ts': '2024-05-15 12:59:14.881'} to topic sales-usd partition 2 offset 75
2024-05-15 12:59:24 root         INFO     Produced {'seller_id': 'LNK', 'amount_usd': 221, 'sale_ts': '2024-05-15 12:59:19.882'} to topic sales-usd partition 3 offset 72
2024-05-15 12:59:29 root         INFO     Produced {'seller_id': 'KC', 'amount_usd': 311, 'sale_ts': '2024-05-15 12:59:24.883'} to topic sales-usd partition 2 offset 85
2024-05-15 12:59:32 root         INFO     Produced {'seller_id': 'KC', 'amount_usd': 837, 'sale_ts': '2024-05-15 12:59:29.884'} to topic sales-usd partition 2 offset 95
2024-05-15 13:02:43 root         INFO     Starting sales producer
2024-05-15 13:02:48 root         INFO     Produced {'seller_id': 'OMA', 'amount_usd': 255, 'sale_ts': '2024-05-15 13:02:43.543'} to topic sales-usd partition 0 offset 64
2024-05-15 13:02:53 root         INFO     Produced {'seller_id': 'KC', 'amount_usd': 222, 'sale_ts': '2024-05-15 13:02:48.954'} to topic sales-usd partition 4 offset 39
2024-05-15 13:02:57 root         INFO     Produced {'seller_id': 'LNK', 'amount_usd': 214, 'sale_ts': '2024-05-15 13:02:53.955'} to topic sales-usd partition 4 offset 49
2024-05-15 13:03:41 root         INFO     Starting sales producer
2024-05-15 13:03:47 root         INFO     Produced {'seller_id': 'LNK', 'amount_usd': 905, 'sale_ts': '2024-05-15 13:03:41.457'} to topic sales-usd partition 0 offset 1
2024-05-15 13:03:52 root         INFO     Produced {'seller_id': 'OMA', 'amount_usd': 773, 'sale_ts': '2024-05-15 13:03:47.008'} to topic sales-usd partition 1 offset 9
2024-05-15 13:03:57 root         INFO     Produced {'seller_id': 'DEN', 'amount_usd': 414, 'sale_ts': '2024-05-15 13:03:52.010'} to topic sales-usd partition 1 offset 19
2024-05-15 13:04:02 root         INFO     Produced {'seller_id': 'OMA', 'amount_usd': 956, 'sale_ts': '2024-05-15 13:03:57.012'} to topic sales-usd partition 3 offset 10
2024-05-15 13:04:07 root         INFO     Produced {'seller_id': 'OMA', 'amount_usd': 364, 'sale_ts': '2024-05-15 13:04:02.013'} to topic sales-usd partition 5 offset 12
2024-05-15 13:04:12 root         INFO     Produced {'seller_id': 'KC', 'amount_usd': 808, 'sale_ts': '2024-05-15 13:04:07.014'} to topic sales-usd partition 0 offset 11
2024-05-15 13:04:17 root         INFO     Produced {'seller_id': 'DEN', 'amount_usd': 526, 'sale_ts': '2024-05-15 13:04:12.016'} to topic sales-usd partition 4 offset 11
2024-05-15 13:04:22 root         INFO     Produced {'seller_id': 'KC', 'amount_usd': 366, 'sale_ts': '2024-05-15 13:04:17.017'} to topic sales-usd partition 4 offset 21
2024-05-15 13:04:27 root         INFO     Produced {'seller_id': 'DEN', 'amount_usd': 580, 'sale_ts': '2024-05-15 13:04:22.018'} to topic sales-usd partition 4 offset 31
2024-05-15 13:04:32 root         INFO     Produced {'seller_id': 'DEN', 'amount_usd': 344, 'sale_ts': '2024-05-15 13:04:27.019'} to topic sales-usd partition 3 offset 20
2024-05-15 13:04:37 root         INFO     Produced {'seller_id': 'DEN', 'amount_usd': 953, 'sale_ts': '2024-05-15 13:04:32.021'} to topic sales-usd partition 0 offset 21
2024-05-15 13:04:42 root         INFO     Produced {'seller_id': 'KC', 'amount_usd': 659, 'sale_ts': '2024-05-15 13:04:37.021'} to topic sales-usd partition 4 offset 41
2024-05-15 13:04:47 root         INFO     Produced {'seller_id': 'KC', 'amount_usd': 137, 'sale_ts': '2024-05-15 13:04:42.023'} to topic sales-usd partition 1 offset 29
2024-05-15 13:04:52 root         INFO     Produced {'seller_id': 'LNK', 'amount_usd': 842, 'sale_ts': '2024-05-15 13:04:47.023'} to topic sales-usd partition 1 offset 39
2024-05-15 13:04:57 root         INFO     Produced {'seller_id': 'DEN', 'amount_usd': 515, 'sale_ts': '2024-05-15 13:04:52.025'} to topic sales-usd partition 3 offset 30
2024-05-15 13:05:02 root         INFO     Produced {'seller_id': 'DEN', 'amount_usd': 304, 'sale_ts': '2024-05-15 13:04:57.025'} to topic sales-usd partition 2 offset 11
2024-05-15 13:05:07 root         INFO     Produced {'seller_id': 'OMA', 'amount_usd': 993, 'sale_ts': '2024-05-15 13:05:02.027'} to topic sales-usd partition 2 offset 21
2024-05-15 13:05:12 root         INFO     Produced {'seller_id': 'OMA', 'amount_usd': 140, 'sale_ts': '2024-05-15 13:05:07.027'} to topic sales-usd partition 4 offset 51
2024-05-15 13:05:17 root         INFO     Produced {'seller_id': 'LNK', 'amount_usd': 684, 'sale_ts': '2024-05-15 13:05:12.028'} to topic sales-usd partition 2 offset 31
2024-05-15 13:05:22 root         INFO     Produced {'seller_id': 'OMA', 'amount_usd': 125, 'sale_ts': '2024-05-15 13:05:17.029'} to topic sales-usd partition 5 offset 22
2024-05-15 13:05:26 root         INFO     Produced {'seller_id': 'OMA', 'amount_usd': 597, 'sale_ts': '2024-05-15 13:05:22.030'} to topic sales-usd partition 1 offset 49
2024-05-15 15:37:22 root         INFO     Starting sales producer
2024-05-15 15:37:27 root         INFO     Produced {'seller_id': 'DEN', 'amount_usd': 253, 'sale_ts': '2024-05-15 15:37:22.194'} to topic sales-usd partition 0 offset 23
2024-05-15 15:37:32 root         INFO     Produced {'seller_id': 'KC', 'amount_usd': 322, 'sale_ts': '2024-05-15 15:37:27.816'} to topic sales-usd partition 0 offset 33
2024-05-15 15:37:37 root         INFO     Produced {'seller_id': 'LNK', 'amount_usd': 373, 'sale_ts': '2024-05-15 15:37:32.819'} to topic sales-usd partition 2 offset 43
2024-05-15 15:37:42 root         INFO     Produced {'seller_id': 'DEN', 'amount_usd': 196, 'sale_ts': '2024-05-15 15:37:37.836'} to topic sales-usd partition 0 offset 43
2024-05-15 15:37:44 root         INFO     Produced {'seller_id': 'DEN', 'amount_usd': 833, 'sale_ts': '2024-05-15 15:37:42.840'} to topic sales-usd partition 5 offset 35
2024-05-15 16:04:15 root         INFO     Starting sales producer
2024-05-15 16:04:21 root         INFO     Produced {'seller_id': 'OMA', 'amount_usd': 913, 'sale_ts': '2024-05-15 16:04:15.668'} to topic sales_usd partition 0 offset 1
2024-05-15 16:04:26 root         INFO     Produced {'seller_id': 'OMA', 'amount_usd': 794, 'sale_ts': '2024-05-15 16:04:21.261'} to topic sales_usd partition 4 offset 11
2024-05-15 16:04:31 root         INFO     Produced {'seller_id': 'DEN', 'amount_usd': 635, 'sale_ts': '2024-05-15 16:04:26.274'} to topic sales_usd partition 4 offset 21
2024-05-15 16:04:36 root         INFO     Produced {'seller_id': 'DEN', 'amount_usd': 230, 'sale_ts': '2024-05-15 16:04:31.279'} to topic sales_usd partition 3 offset 10
2024-05-15 16:04:41 root         INFO     Produced {'seller_id': 'DEN', 'amount_usd': 698, 'sale_ts': '2024-05-15 16:04:36.282'} to topic sales_usd partition 3 offset 20
2024-05-15 16:04:46 root         INFO     Produced {'seller_id': 'OMA', 'amount_usd': 276, 'sale_ts': '2024-05-15 16:04:41.291'} to topic sales_usd partition 5 offset 12
2024-05-15 16:04:51 root         INFO     Produced {'seller_id': 'LNK', 'amount_usd': 195, 'sale_ts': '2024-05-15 16:04:46.292'} to topic sales_usd partition 0 offset 11
2024-05-15 16:04:56 root         INFO     Produced {'seller_id': 'DEN', 'amount_usd': 199, 'sale_ts': '2024-05-15 16:04:51.303'} to topic sales_usd partition 3 offset 30
2024-05-15 16:05:01 root         INFO     Produced {'seller_id': 'KC', 'amount_usd': 418, 'sale_ts': '2024-05-15 16:04:56.303'} to topic sales_usd partition 0 offset 21
2024-05-15 16:05:03 root         INFO     Produced {'seller_id': 'KC', 'amount_usd': 688, 'sale_ts': '2024-05-15 16:05:01.319'} to topic sales_usd partition 1 offset 9
2024-05-15 16:09:02 root         INFO     Starting sales producer
2024-05-15 16:09:07 root         INFO     Produced {'seller_id': 'KC', 'amount_usd': 251, 'sale_ts': '2024-05-15 16:09:02.265'} to topic sales-usd partition 0 offset 45
2024-05-15 16:09:12 root         INFO     Produced {'seller_id': 'DEN', 'amount_usd': 517, 'sale_ts': '2024-05-15 16:09:07.871'} to topic sales-usd partition 0 offset 55
2024-05-15 16:09:17 root         INFO     Produced {'seller_id': 'KC', 'amount_usd': 879, 'sale_ts': '2024-05-15 16:09:12.875'} to topic sales-usd partition 5 offset 48
2024-05-15 16:09:22 root         INFO     Produced {'seller_id': 'KC', 'amount_usd': 522, 'sale_ts': '2024-05-15 16:09:17.887'} to topic sales-usd partition 5 offset 58
2024-05-15 16:09:27 root         INFO     Produced {'seller_id': 'DEN', 'amount_usd': 567, 'sale_ts': '2024-05-15 16:09:22.900'} to topic sales-usd partition 0 offset 65
2024-05-15 16:09:32 root         INFO     Produced {'seller_id': 'DEN', 'amount_usd': 276, 'sale_ts': '2024-05-15 16:09:27.911'} to topic sales-usd partition 5 offset 68
2024-05-15 16:09:37 root         INFO     Produced {'seller_id': 'OMA', 'amount_usd': 308, 'sale_ts': '2024-05-15 16:09:32.915'} to topic sales-usd partition 4 offset 65
2024-05-15 16:09:42 root         INFO     Produced {'seller_id': 'DEN', 'amount_usd': 686, 'sale_ts': '2024-05-15 16:09:37.918'} to topic sales-usd partition 3 offset 42
2024-05-15 16:09:43 root         INFO     Produced {'seller_id': 'KC', 'amount_usd': 674, 'sale_ts': '2024-05-15 16:09:42.927'} to topic sales-usd partition 5 offset 78
2024-05-15 16:25:14 root         INFO     Starting sales producer
2024-05-15 16:25:14 root         INFO     Produced {'seller_id': 'LNK', 'amount_usd': 805, 'sale_ts': '2024-05-15 16:25:14.499'} to topic sales-usd partition 0 offset 72
2024-05-15 16:25:24 root         INFO     Produced {'seller_id': 'OMA', 'amount_usd': 929, 'sale_ts': '2024-05-15 16:25:19.951'} to topic sales-usd partition 0 offset 82
2024-05-15 16:25:29 root         INFO     Produced {'seller_id': 'OMA', 'amount_usd': 146, 'sale_ts': '2024-05-15 16:25:24.956'} to topic sales-usd partition 1 offset 59
2024-05-15 16:25:34 root         INFO     Produced {'seller_id': 'KC', 'amount_usd': 445, 'sale_ts': '2024-05-15 16:25:29.966'} to topic sales-usd partition 0 offset 92
2024-05-15 16:25:39 root         INFO     Produced {'seller_id': 'KC', 'amount_usd': 482, 'sale_ts': '2024-05-15 16:25:34.976'} to topic sales-usd partition 1 offset 69
2024-05-15 16:25:44 root         INFO     Produced {'seller_id': 'KC', 'amount_usd': 762, 'sale_ts': '2024-05-15 16:25:39.983'} to topic sales-usd partition 4 offset 77
2024-05-15 16:25:50 root         INFO     Produced {'seller_id': 'KC', 'amount_usd': 643, 'sale_ts': '2024-05-15 16:25:44.990'} to topic sales-usd partition 2 offset 55
2024-05-15 16:25:55 root         INFO     Produced {'seller_id': 'LNK', 'amount_usd': 137, 'sale_ts': '2024-05-15 16:25:50.000'} to topic sales-usd partition 4 offset 87
2024-05-15 16:26:00 root         INFO     Produced {'seller_id': 'LNK', 'amount_usd': 950, 'sale_ts': '2024-05-15 16:25:55.005'} to topic sales-usd partition 1 offset 79
2024-05-15 16:26:05 root         INFO     Produced {'seller_id': 'OMA', 'amount_usd': 327, 'sale_ts': '2024-05-15 16:26:00.015'} to topic sales-usd partition 0 offset 102
2024-05-15 16:26:10 root         INFO     Produced {'seller_id': 'LNK', 'amount_usd': 539, 'sale_ts': '2024-05-15 16:26:05.019'} to topic sales-usd partition 4 offset 97
2024-05-15 16:26:15 root         INFO     Produced {'seller_id': 'KC', 'amount_usd': 620, 'sale_ts': '2024-05-15 16:26:10.024'} to topic sales-usd partition 3 offset 52
2024-05-15 16:26:20 root         INFO     Produced {'seller_id': 'DEN', 'amount_usd': 489, 'sale_ts': '2024-05-15 16:26:15.030'} to topic sales-usd partition 4 offset 107
2024-05-15 16:26:25 root         INFO     Produced {'seller_id': 'OMA', 'amount_usd': 781, 'sale_ts': '2024-05-15 16:26:20.044'} to topic sales-usd partition 2 offset 65
2024-05-15 16:26:30 root         INFO     Produced {'seller_id': 'DEN', 'amount_usd': 136, 'sale_ts': '2024-05-15 16:26:25.053'} to topic sales-usd partition 3 offset 62
2024-05-15 16:26:35 root         INFO     Produced {'seller_id': 'LNK', 'amount_usd': 905, 'sale_ts': '2024-05-15 16:26:30.057'} to topic sales-usd partition 5 offset 89
2024-05-15 16:26:40 root         INFO     Produced {'seller_id': 'OMA', 'amount_usd': 558, 'sale_ts': '2024-05-15 16:26:35.072'} to topic sales-usd partition 5 offset 99
2024-05-15 16:26:45 root         INFO     Produced {'seller_id': 'OMA', 'amount_usd': 747, 'sale_ts': '2024-05-15 16:26:40.073'} to topic sales-usd partition 3 offset 72
2024-05-15 16:26:50 root         INFO     Produced {'seller_id': 'OMA', 'amount_usd': 795, 'sale_ts': '2024-05-15 16:26:45.086'} to topic sales-usd partition 4 offset 117
2024-05-15 16:26:55 root         INFO     Produced {'seller_id': 'KC', 'amount_usd': 886, 'sale_ts': '2024-05-15 16:26:50.098'} to topic sales-usd partition 5 offset 109
2024-05-15 16:27:00 root         INFO     Produced {'seller_id': 'KC', 'amount_usd': 208, 'sale_ts': '2024-05-15 16:26:55.113'} to topic sales-usd partition 5 offset 119
2024-05-15 16:27:05 root         INFO     Produced {'seller_id': 'KC', 'amount_usd': 799, 'sale_ts': '2024-05-15 16:27:00.124'} to topic sales-usd partition 0 offset 112
2024-05-15 16:27:10 root         INFO     Produced {'seller_id': 'OMA', 'amount_usd': 117, 'sale_ts': '2024-05-15 16:27:05.133'} to topic sales-usd partition 2 offset 75
2024-05-15 16:27:15 root         INFO     Produced {'seller_id': 'LNK', 'amount_usd': 555, 'sale_ts': '2024-05-15 16:27:10.137'} to topic sales-usd partition 0 offset 122
2024-05-15 16:27:20 root         INFO     Produced {'seller_id': 'KC', 'amount_usd': 755, 'sale_ts': '2024-05-15 16:27:15.140'} to topic sales-usd partition 0 offset 132
2024-05-15 16:27:25 root         INFO     Produced {'seller_id': 'KC', 'amount_usd': 693, 'sale_ts': '2024-05-15 16:27:20.155'} to topic sales-usd partition 3 offset 82
2024-05-15 16:27:30 root         INFO     Produced {'seller_id': 'LNK', 'amount_usd': 828, 'sale_ts': '2024-05-15 16:27:25.156'} to topic sales-usd partition 0 offset 142
2024-05-15 16:27:35 root         INFO     Produced {'seller_id': 'KC', 'amount_usd': 127, 'sale_ts': '2024-05-15 16:27:30.171'} to topic sales-usd partition 3 offset 92
2024-05-15 16:27:40 root         INFO     Produced {'seller_id': 'OMA', 'amount_usd': 172, 'sale_ts': '2024-05-15 16:27:35.179'} to topic sales-usd partition 3 offset 102
2024-05-15 16:27:45 root         INFO     Produced {'seller_id': 'LNK', 'amount_usd': 396, 'sale_ts': '2024-05-15 16:27:40.180'} to topic sales-usd partition 2 offset 85
2024-05-15 16:27:50 root         INFO     Produced {'seller_id': 'DEN', 'amount_usd': 335, 'sale_ts': '2024-05-15 16:27:45.184'} to topic sales-usd partition 3 offset 112
2024-05-15 16:27:55 root         INFO     Produced {'seller_id': 'DEN', 'amount_usd': 947, 'sale_ts': '2024-05-15 16:27:50.199'} to topic sales-usd partition 2 offset 95
2024-05-15 16:28:00 root         INFO     Produced {'seller_id': 'LNK', 'amount_usd': 490, 'sale_ts': '2024-05-15 16:27:55.203'} to topic sales-usd partition 0 offset 152
2024-05-15 16:28:05 root         INFO     Produced {'seller_id': 'DEN', 'amount_usd': 939, 'sale_ts': '2024-05-15 16:28:00.214'} to topic sales-usd partition 4 offset 127
2024-05-15 16:28:10 root         INFO     Produced {'seller_id': 'DEN', 'amount_usd': 207, 'sale_ts': '2024-05-15 16:28:05.217'} to topic sales-usd partition 3 offset 122
2024-05-15 16:28:15 root         INFO     Produced {'seller_id': 'DEN', 'amount_usd': 558, 'sale_ts': '2024-05-15 16:28:10.230'} to topic sales-usd partition 4 offset 137
2024-05-15 16:28:20 root         INFO     Produced {'seller_id': 'DEN', 'amount_usd': 733, 'sale_ts': '2024-05-15 16:28:15.233'} to topic sales-usd partition 4 offset 147
2024-05-15 16:28:25 root         INFO     Produced {'seller_id': 'LNK', 'amount_usd': 598, 'sale_ts': '2024-05-15 16:28:20.244'} to topic sales-usd partition 4 offset 157
2024-05-15 16:28:30 root         INFO     Produced {'seller_id': 'LNK', 'amount_usd': 401, 'sale_ts': '2024-05-15 16:28:25.249'} to topic sales-usd partition 1 offset 89
2024-05-15 16:28:35 root         INFO     Produced {'seller_id': 'OMA', 'amount_usd': 597, 'sale_ts': '2024-05-15 16:28:30.251'} to topic sales-usd partition 3 offset 132
2024-05-15 16:28:40 root         INFO     Produced {'seller_id': 'KC', 'amount_usd': 183, 'sale_ts': '2024-05-15 16:28:35.254'} to topic sales-usd partition 2 offset 105
2024-05-15 16:28:45 root         INFO     Produced {'seller_id': 'KC', 'amount_usd': 829, 'sale_ts': '2024-05-15 16:28:40.257'} to topic sales-usd partition 0 offset 162
2024-05-15 16:28:50 root         INFO     Produced {'seller_id': 'DEN', 'amount_usd': 768, 'sale_ts': '2024-05-15 16:28:45.269'} to topic sales-usd partition 4 offset 167
2024-05-15 16:28:55 root         INFO     Produced {'seller_id': 'LNK', 'amount_usd': 690, 'sale_ts': '2024-05-15 16:28:50.275'} to topic sales-usd partition 2 offset 115
2024-05-15 16:29:00 root         INFO     Produced {'seller_id': 'DEN', 'amount_usd': 414, 'sale_ts': '2024-05-15 16:28:55.276'} to topic sales-usd partition 4 offset 177
2024-05-15 16:29:05 root         INFO     Produced {'seller_id': 'OMA', 'amount_usd': 249, 'sale_ts': '2024-05-15 16:29:00.291'} to topic sales-usd partition 2 offset 125
2024-05-15 16:29:10 root         INFO     Produced {'seller_id': 'KC', 'amount_usd': 400, 'sale_ts': '2024-05-15 16:29:05.295'} to topic sales-usd partition 0 offset 172
2024-05-15 16:29:15 root         INFO     Produced {'seller_id': 'DEN', 'amount_usd': 149, 'sale_ts': '2024-05-15 16:29:10.296'} to topic sales-usd partition 2 offset 135
2024-05-15 16:29:20 root         INFO     Produced {'seller_id': 'DEN', 'amount_usd': 445, 'sale_ts': '2024-05-15 16:29:15.311'} to topic sales-usd partition 2 offset 145
2024-05-15 16:29:25 root         INFO     Produced {'seller_id': 'KC', 'amount_usd': 879, 'sale_ts': '2024-05-15 16:29:20.316'} to topic sales-usd partition 5 offset 129
2024-05-15 16:29:30 root         INFO     Produced {'seller_id': 'KC', 'amount_usd': 856, 'sale_ts': '2024-05-15 16:29:25.330'} to topic sales-usd partition 4 offset 187
2024-05-15 16:29:35 root         INFO     Produced {'seller_id': 'OMA', 'amount_usd': 279, 'sale_ts': '2024-05-15 16:29:30.345'} to topic sales-usd partition 5 offset 139
2024-05-15 16:29:40 root         INFO     Produced {'seller_id': 'KC', 'amount_usd': 561, 'sale_ts': '2024-05-15 16:29:35.358'} to topic sales-usd partition 3 offset 142
2024-05-15 16:29:45 root         INFO     Produced {'seller_id': 'DEN', 'amount_usd': 441, 'sale_ts': '2024-05-15 16:29:40.361'} to topic sales-usd partition 1 offset 99
2024-05-15 16:29:50 root         INFO     Produced {'seller_id': 'OMA', 'amount_usd': 756, 'sale_ts': '2024-05-15 16:29:45.374'} to topic sales-usd partition 3 offset 152
2024-05-15 16:29:55 root         INFO     Produced {'seller_id': 'OMA', 'amount_usd': 896, 'sale_ts': '2024-05-15 16:29:50.376'} to topic sales-usd partition 4 offset 197
2024-05-15 16:30:00 root         INFO     Produced {'seller_id': 'DEN', 'amount_usd': 719, 'sale_ts': '2024-05-15 16:29:55.380'} to topic sales-usd partition 1 offset 109
2024-05-15 16:30:05 root         INFO     Produced {'seller_id': 'DEN', 'amount_usd': 733, 'sale_ts': '2024-05-15 16:30:00.395'} to topic sales-usd partition 1 offset 119
2024-05-15 16:30:10 root         INFO     Produced {'seller_id': 'OMA', 'amount_usd': 761, 'sale_ts': '2024-05-15 16:30:05.406'} to topic sales-usd partition 5 offset 149
2024-05-15 16:30:15 root         INFO     Produced {'seller_id': 'OMA', 'amount_usd': 117, 'sale_ts': '2024-05-15 16:30:10.413'} to topic sales-usd partition 3 offset 162
2024-05-15 16:30:20 root         INFO     Produced {'seller_id': 'DEN', 'amount_usd': 538, 'sale_ts': '2024-05-15 16:30:15.422'} to topic sales-usd partition 1 offset 129
2024-05-15 16:30:25 root         INFO     Produced {'seller_id': 'DEN', 'amount_usd': 873, 'sale_ts': '2024-05-15 16:30:20.427'} to topic sales-usd partition 1 offset 139
2024-05-15 16:30:30 root         INFO     Produced {'seller_id': 'DEN', 'amount_usd': 187, 'sale_ts': '2024-05-15 16:30:25.428'} to topic sales-usd partition 0 offset 182
2024-05-15 16:30:35 root         INFO     Produced {'seller_id': 'LNK', 'amount_usd': 714, 'sale_ts': '2024-05-15 16:30:30.430'} to topic sales-usd partition 1 offset 149
2024-05-15 16:30:40 root         INFO     Produced {'seller_id': 'KC', 'amount_usd': 751, 'sale_ts': '2024-05-15 16:30:35.453'} to topic sales-usd partition 0 offset 192
2024-05-15 16:30:45 root         INFO     Produced {'seller_id': 'LNK', 'amount_usd': 824, 'sale_ts': '2024-05-15 16:30:40.476'} to topic sales-usd partition 1 offset 159
2024-05-15 16:30:46 root         INFO     Produced {'seller_id': 'KC', 'amount_usd': 301, 'sale_ts': '2024-05-15 16:30:45.492'} to topic sales-usd partition 1 offset 169
2024-05-15 16:42:05 root         INFO     Starting sales producer
2024-05-15 16:42:11 root         INFO     Produced {'seller_id': 'KC', 'amount_usd': 607, 'sale_ts': '2024-05-15 16:42:05.489'} to topic sales-usd partition 0 offset 194
2024-05-15 16:42:16 root         INFO     Produced {'seller_id': 'LNK', 'amount_usd': 739, 'sale_ts': '2024-05-15 16:42:11.035'} to topic sales-usd partition 3 offset 173
2024-05-15 16:42:21 root         INFO     Produced {'seller_id': 'KC', 'amount_usd': 356, 'sale_ts': '2024-05-15 16:42:16.042'} to topic sales-usd partition 5 offset 162
2024-05-15 16:42:26 root         INFO     Produced {'seller_id': 'OMA', 'amount_usd': 588, 'sale_ts': '2024-05-15 16:42:21.049'} to topic sales-usd partition 4 offset 209
2024-05-15 16:42:31 root         INFO     Produced {'seller_id': 'OMA', 'amount_usd': 869, 'sale_ts': '2024-05-15 16:42:26.064'} to topic sales-usd partition 4 offset 219
2024-05-15 16:42:36 root         INFO     Produced {'seller_id': 'KC', 'amount_usd': 452, 'sale_ts': '2024-05-15 16:42:31.066'} to topic sales-usd partition 3 offset 183
2024-05-15 16:42:41 root         INFO     Produced {'seller_id': 'LNK', 'amount_usd': 782, 'sale_ts': '2024-05-15 16:42:36.073'} to topic sales-usd partition 0 offset 204
2024-05-15 16:42:46 root         INFO     Produced {'seller_id': 'DEN', 'amount_usd': 368, 'sale_ts': '2024-05-15 16:42:41.083'} to topic sales-usd partition 0 offset 214
2024-05-15 16:42:51 root         INFO     Produced {'seller_id': 'LNK', 'amount_usd': 215, 'sale_ts': '2024-05-15 16:42:46.087'} to topic sales-usd partition 0 offset 224
2024-05-15 16:42:56 root         INFO     Produced {'seller_id': 'LNK', 'amount_usd': 149, 'sale_ts': '2024-05-15 16:42:51.102'} to topic sales-usd partition 3 offset 193
2024-05-15 16:43:01 root         INFO     Produced {'seller_id': 'KC', 'amount_usd': 608, 'sale_ts': '2024-05-15 16:42:56.112'} to topic sales-usd partition 2 offset 157
2024-05-15 16:43:06 root         INFO     Produced {'seller_id': 'KC', 'amount_usd': 788, 'sale_ts': '2024-05-15 16:43:01.116'} to topic sales-usd partition 1 offset 179
2024-05-15 16:43:11 root         INFO     Produced {'seller_id': 'DEN', 'amount_usd': 614, 'sale_ts': '2024-05-15 16:43:06.118'} to topic sales-usd partition 2 offset 167
2024-05-15 16:43:16 root         INFO     Produced {'seller_id': 'KC', 'amount_usd': 191, 'sale_ts': '2024-05-15 16:43:11.132'} to topic sales-usd partition 5 offset 172
2024-05-15 16:43:21 root         INFO     Produced {'seller_id': 'LNK', 'amount_usd': 111, 'sale_ts': '2024-05-15 16:43:16.139'} to topic sales-usd partition 1 offset 189
2024-05-15 16:43:26 root         INFO     Produced {'seller_id': 'LNK', 'amount_usd': 240, 'sale_ts': '2024-05-15 16:43:21.149'} to topic sales-usd partition 3 offset 203
2024-05-15 16:43:31 root         INFO     Produced {'seller_id': 'DEN', 'amount_usd': 218, 'sale_ts': '2024-05-15 16:43:26.166'} to topic sales-usd partition 3 offset 213
2024-05-15 16:43:36 root         INFO     Produced {'seller_id': 'KC', 'amount_usd': 807, 'sale_ts': '2024-05-15 16:43:31.168'} to topic sales-usd partition 1 offset 199
2024-05-15 16:43:41 root         INFO     Produced {'seller_id': 'OMA', 'amount_usd': 215, 'sale_ts': '2024-05-15 16:43:36.169'} to topic sales-usd partition 4 offset 229
2024-05-15 16:43:46 root         INFO     Produced {'seller_id': 'KC', 'amount_usd': 212, 'sale_ts': '2024-05-15 16:43:41.184'} to topic sales-usd partition 5 offset 182
2024-05-15 16:43:51 root         INFO     Produced {'seller_id': 'DEN', 'amount_usd': 749, 'sale_ts': '2024-05-15 16:43:46.189'} to topic sales-usd partition 3 offset 223
2024-05-15 16:43:56 root         INFO     Produced {'seller_id': 'DEN', 'amount_usd': 705, 'sale_ts': '2024-05-15 16:43:51.195'} to topic sales-usd partition 3 offset 233
2024-05-15 16:44:01 root         INFO     Produced {'seller_id': 'DEN', 'amount_usd': 442, 'sale_ts': '2024-05-15 16:43:56.210'} to topic sales-usd partition 3 offset 243
2024-05-15 16:44:06 root         INFO     Produced {'seller_id': 'DEN', 'amount_usd': 412, 'sale_ts': '2024-05-15 16:44:01.212'} to topic sales-usd partition 5 offset 192
2024-05-15 16:44:11 root         INFO     Produced {'seller_id': 'OMA', 'amount_usd': 502, 'sale_ts': '2024-05-15 16:44:06.225'} to topic sales-usd partition 5 offset 202
2024-05-15 16:44:16 root         INFO     Produced {'seller_id': 'KC', 'amount_usd': 637, 'sale_ts': '2024-05-15 16:44:11.230'} to topic sales-usd partition 0 offset 234
2024-05-15 16:44:21 root         INFO     Produced {'seller_id': 'KC', 'amount_usd': 366, 'sale_ts': '2024-05-15 16:44:16.242'} to topic sales-usd partition 0 offset 244
2024-05-15 16:44:26 root         INFO     Produced {'seller_id': 'DEN', 'amount_usd': 198, 'sale_ts': '2024-05-15 16:44:21.258'} to topic sales-usd partition 3 offset 253
2024-05-15 16:44:31 root         INFO     Produced {'seller_id': 'OMA', 'amount_usd': 810, 'sale_ts': '2024-05-15 16:44:26.259'} to topic sales-usd partition 5 offset 212
2024-05-15 16:44:36 root         INFO     Produced {'seller_id': 'KC', 'amount_usd': 816, 'sale_ts': '2024-05-15 16:44:31.266'} to topic sales-usd partition 1 offset 209
2024-05-15 16:44:41 root         INFO     Produced {'seller_id': 'OMA', 'amount_usd': 148, 'sale_ts': '2024-05-15 16:44:36.276'} to topic sales-usd partition 2 offset 177
2024-05-15 16:44:46 root         INFO     Produced {'seller_id': 'OMA', 'amount_usd': 321, 'sale_ts': '2024-05-15 16:44:41.292'} to topic sales-usd partition 1 offset 219
2024-05-15 16:44:51 root         INFO     Produced {'seller_id': 'DEN', 'amount_usd': 308, 'sale_ts': '2024-05-15 16:44:46.309'} to topic sales-usd partition 1 offset 229
2024-05-15 16:44:56 root         INFO     Produced {'seller_id': 'KC', 'amount_usd': 790, 'sale_ts': '2024-05-15 16:44:51.318'} to topic sales-usd partition 5 offset 222
2024-05-15 16:45:01 root         INFO     Produced {'seller_id': 'LNK', 'amount_usd': 289, 'sale_ts': '2024-05-15 16:44:56.333'} to topic sales-usd partition 0 offset 254
2024-05-15 16:45:06 root         INFO     Produced {'seller_id': 'LNK', 'amount_usd': 430, 'sale_ts': '2024-05-15 16:45:01.339'} to topic sales-usd partition 4 offset 239
2024-05-15 16:45:11 root         INFO     Produced {'seller_id': 'KC', 'amount_usd': 501, 'sale_ts': '2024-05-15 16:45:06.350'} to topic sales-usd partition 3 offset 263
2024-05-15 16:45:16 root         INFO     Produced {'seller_id': 'LNK', 'amount_usd': 844, 'sale_ts': '2024-05-15 16:45:11.362'} to topic sales-usd partition 0 offset 264
2024-05-15 16:45:21 root         INFO     Produced {'seller_id': 'KC', 'amount_usd': 223, 'sale_ts': '2024-05-15 16:45:16.378'} to topic sales-usd partition 0 offset 274
2024-05-15 16:45:26 root         INFO     Produced {'seller_id': 'LNK', 'amount_usd': 389, 'sale_ts': '2024-05-15 16:45:21.389'} to topic sales-usd partition 2 offset 187
2024-05-15 16:45:31 root         INFO     Produced {'seller_id': 'DEN', 'amount_usd': 947, 'sale_ts': '2024-05-15 16:45:26.397'} to topic sales-usd partition 5 offset 232
2024-05-15 16:45:36 root         INFO     Produced {'seller_id': 'KC', 'amount_usd': 437, 'sale_ts': '2024-05-15 16:45:31.404'} to topic sales-usd partition 2 offset 197
2024-05-15 16:45:41 root         INFO     Produced {'seller_id': 'KC', 'amount_usd': 153, 'sale_ts': '2024-05-15 16:45:36.410'} to topic sales-usd partition 0 offset 284
2024-05-15 16:45:46 root         INFO     Produced {'seller_id': 'LNK', 'amount_usd': 775, 'sale_ts': '2024-05-15 16:45:41.414'} to topic sales-usd partition 4 offset 249
2024-05-15 16:45:51 root         INFO     Produced {'seller_id': 'DEN', 'amount_usd': 152, 'sale_ts': '2024-05-15 16:45:46.429'} to topic sales-usd partition 4 offset 259
2024-05-15 16:45:56 root         INFO     Produced {'seller_id': 'LNK', 'amount_usd': 558, 'sale_ts': '2024-05-15 16:45:51.433'} to topic sales-usd partition 0 offset 294
2024-05-15 16:46:01 root         INFO     Produced {'seller_id': 'KC', 'amount_usd': 452, 'sale_ts': '2024-05-15 16:45:56.448'} to topic sales-usd partition 2 offset 207
2024-05-15 16:46:06 root         INFO     Produced {'seller_id': 'OMA', 'amount_usd': 491, 'sale_ts': '2024-05-15 16:46:01.462'} to topic sales-usd partition 1 offset 239
2024-05-15 16:46:11 root         INFO     Produced {'seller_id': 'LNK', 'amount_usd': 361, 'sale_ts': '2024-05-15 16:46:06.468'} to topic sales-usd partition 0 offset 304
2024-05-15 16:46:16 root         INFO     Produced {'seller_id': 'LNK', 'amount_usd': 202, 'sale_ts': '2024-05-15 16:46:11.478'} to topic sales-usd partition 2 offset 217
2024-05-15 16:46:21 root         INFO     Produced {'seller_id': 'KC', 'amount_usd': 635, 'sale_ts': '2024-05-15 16:46:16.489'} to topic sales-usd partition 0 offset 314
2024-05-15 16:46:26 root         INFO     Produced {'seller_id': 'DEN', 'amount_usd': 361, 'sale_ts': '2024-05-15 16:46:21.497'} to topic sales-usd partition 5 offset 242
2024-05-15 16:46:31 root         INFO     Produced {'seller_id': 'OMA', 'amount_usd': 213, 'sale_ts': '2024-05-15 16:46:26.507'} to topic sales-usd partition 5 offset 252
2024-05-15 16:46:36 root         INFO     Produced {'seller_id': 'KC', 'amount_usd': 622, 'sale_ts': '2024-05-15 16:46:31.518'} to topic sales-usd partition 1 offset 249
2024-05-15 16:46:41 root         INFO     Produced {'seller_id': 'DEN', 'amount_usd': 432, 'sale_ts': '2024-05-15 16:46:36.520'} to topic sales-usd partition 1 offset 259
2024-05-15 16:46:46 root         INFO     Produced {'seller_id': 'LNK', 'amount_usd': 324, 'sale_ts': '2024-05-15 16:46:41.534'} to topic sales-usd partition 5 offset 262
2024-05-15 16:46:51 root         INFO     Produced {'seller_id': 'LNK', 'amount_usd': 943, 'sale_ts': '2024-05-15 16:46:46.549'} to topic sales-usd partition 3 offset 273
2024-05-15 16:46:56 root         INFO     Produced {'seller_id': 'OMA', 'amount_usd': 644, 'sale_ts': '2024-05-15 16:46:51.556'} to topic sales-usd partition 0 offset 324
2024-05-15 16:47:01 root         INFO     Produced {'seller_id': 'OMA', 'amount_usd': 700, 'sale_ts': '2024-05-15 16:46:56.568'} to topic sales-usd partition 1 offset 269
2024-05-15 16:47:06 root         INFO     Produced {'seller_id': 'OMA', 'amount_usd': 710, 'sale_ts': '2024-05-15 16:47:01.572'} to topic sales-usd partition 0 offset 334
2024-05-15 16:47:11 root         INFO     Produced {'seller_id': 'OMA', 'amount_usd': 832, 'sale_ts': '2024-05-15 16:47:06.582'} to topic sales-usd partition 5 offset 272
2024-05-15 16:47:16 root         INFO     Produced {'seller_id': 'KC', 'amount_usd': 526, 'sale_ts': '2024-05-15 16:47:11.589'} to topic sales-usd partition 0 offset 344
2024-05-15 16:47:21 root         INFO     Produced {'seller_id': 'DEN', 'amount_usd': 387, 'sale_ts': '2024-05-15 16:47:16.602'} to topic sales-usd partition 0 offset 354
2024-05-15 16:47:26 root         INFO     Produced {'seller_id': 'LNK', 'amount_usd': 533, 'sale_ts': '2024-05-15 16:47:21.616'} to topic sales-usd partition 5 offset 282
2024-05-15 16:47:31 root         INFO     Produced {'seller_id': 'LNK', 'amount_usd': 266, 'sale_ts': '2024-05-15 16:47:26.626'} to topic sales-usd partition 4 offset 269
2024-05-15 16:47:36 root         INFO     Produced {'seller_id': 'LNK', 'amount_usd': 338, 'sale_ts': '2024-05-15 16:47:31.641'} to topic sales-usd partition 3 offset 283
2024-05-15 16:47:41 root         INFO     Produced {'seller_id': 'LNK', 'amount_usd': 647, 'sale_ts': '2024-05-15 16:47:36.657'} to topic sales-usd partition 3 offset 293
2024-05-15 16:47:46 root         INFO     Produced {'seller_id': 'OMA', 'amount_usd': 861, 'sale_ts': '2024-05-15 16:47:41.663'} to topic sales-usd partition 5 offset 292
2024-05-15 16:47:51 root         INFO     Produced {'seller_id': 'OMA', 'amount_usd': 564, 'sale_ts': '2024-05-15 16:47:46.675'} to topic sales-usd partition 3 offset 303
2024-05-15 16:47:56 root         INFO     Produced {'seller_id': 'LNK', 'amount_usd': 797, 'sale_ts': '2024-05-15 16:47:51.690'} to topic sales-usd partition 1 offset 279
2024-05-15 16:48:01 root         INFO     Produced {'seller_id': 'KC', 'amount_usd': 665, 'sale_ts': '2024-05-15 16:47:56.690'} to topic sales-usd partition 4 offset 279
2024-05-15 16:48:06 root         INFO     Produced {'seller_id': 'OMA', 'amount_usd': 831, 'sale_ts': '2024-05-15 16:48:01.693'} to topic sales-usd partition 1 offset 289
2024-05-15 16:48:11 root         INFO     Produced {'seller_id': 'KC', 'amount_usd': 378, 'sale_ts': '2024-05-15 16:48:06.701'} to topic sales-usd partition 3 offset 313
2024-05-15 16:48:16 root         INFO     Produced {'seller_id': 'OMA', 'amount_usd': 654, 'sale_ts': '2024-05-15 16:48:11.715'} to topic sales-usd partition 4 offset 289
2024-05-15 16:48:21 root         INFO     Produced {'seller_id': 'KC', 'amount_usd': 137, 'sale_ts': '2024-05-15 16:48:16.733'} to topic sales-usd partition 2 offset 227
2024-05-15 16:48:26 root         INFO     Produced {'seller_id': 'OMA', 'amount_usd': 289, 'sale_ts': '2024-05-15 16:48:21.736'} to topic sales-usd partition 4 offset 299
2024-05-15 16:48:31 root         INFO     Produced {'seller_id': 'LNK', 'amount_usd': 620, 'sale_ts': '2024-05-15 16:48:26.748'} to topic sales-usd partition 1 offset 299
2024-05-15 16:48:36 root         INFO     Produced {'seller_id': 'LNK', 'amount_usd': 960, 'sale_ts': '2024-05-15 16:48:31.752'} to topic sales-usd partition 2 offset 237
2024-05-15 16:48:41 root         INFO     Produced {'seller_id': 'LNK', 'amount_usd': 501, 'sale_ts': '2024-05-15 16:48:36.758'} to topic sales-usd partition 2 offset 247
2024-05-15 16:48:46 root         INFO     Produced {'seller_id': 'DEN', 'amount_usd': 147, 'sale_ts': '2024-05-15 16:48:41.774'} to topic sales-usd partition 1 offset 309
2024-05-15 16:48:51 root         INFO     Produced {'seller_id': 'KC', 'amount_usd': 140, 'sale_ts': '2024-05-15 16:48:46.779'} to topic sales-usd partition 5 offset 302
2024-05-15 16:48:56 root         INFO     Produced {'seller_id': 'KC', 'amount_usd': 268, 'sale_ts': '2024-05-15 16:48:51.783'} to topic sales-usd partition 2 offset 257
2024-05-15 16:49:01 root         INFO     Produced {'seller_id': 'DEN', 'amount_usd': 945, 'sale_ts': '2024-05-15 16:48:56.788'} to topic sales-usd partition 1 offset 319
2024-05-15 16:49:06 root         INFO     Produced {'seller_id': 'OMA', 'amount_usd': 357, 'sale_ts': '2024-05-15 16:49:01.794'} to topic sales-usd partition 1 offset 329
2024-05-15 16:49:11 root         INFO     Produced {'seller_id': 'LNK', 'amount_usd': 737, 'sale_ts': '2024-05-15 16:49:06.803'} to topic sales-usd partition 0 offset 364
2024-05-15 16:49:16 root         INFO     Produced {'seller_id': 'DEN', 'amount_usd': 431, 'sale_ts': '2024-05-15 16:49:11.820'} to topic sales-usd partition 4 offset 309
2024-05-15 16:49:21 root         INFO     Produced {'seller_id': 'LNK', 'amount_usd': 818, 'sale_ts': '2024-05-15 16:49:16.830'} to topic sales-usd partition 2 offset 267
2024-05-15 16:49:26 root         INFO     Produced {'seller_id': 'DEN', 'amount_usd': 434, 'sale_ts': '2024-05-15 16:49:21.846'} to topic sales-usd partition 3 offset 323
2024-05-15 16:49:31 root         INFO     Produced {'seller_id': 'OMA', 'amount_usd': 682, 'sale_ts': '2024-05-15 16:49:26.856'} to topic sales-usd partition 5 offset 312
2024-05-15 16:49:36 root         INFO     Produced {'seller_id': 'DEN', 'amount_usd': 132, 'sale_ts': '2024-05-15 16:49:31.863'} to topic sales-usd partition 4 offset 319
2024-05-15 16:49:41 root         INFO     Produced {'seller_id': 'KC', 'amount_usd': 958, 'sale_ts': '2024-05-15 16:49:36.873'} to topic sales-usd partition 1 offset 339
2024-05-15 16:49:46 root         INFO     Produced {'seller_id': 'OMA', 'amount_usd': 537, 'sale_ts': '2024-05-15 16:49:41.875'} to topic sales-usd partition 4 offset 329
2024-05-15 16:49:51 root         INFO     Produced {'seller_id': 'KC', 'amount_usd': 205, 'sale_ts': '2024-05-15 16:49:46.893'} to topic sales-usd partition 0 offset 374
2024-05-15 16:49:56 root         INFO     Produced {'seller_id': 'LNK', 'amount_usd': 518, 'sale_ts': '2024-05-15 16:49:51.910'} to topic sales-usd partition 3 offset 333
2024-05-15 16:50:01 root         INFO     Produced {'seller_id': 'DEN', 'amount_usd': 727, 'sale_ts': '2024-05-15 16:49:56.917'} to topic sales-usd partition 4 offset 339
2024-05-15 16:50:06 root         INFO     Produced {'seller_id': 'DEN', 'amount_usd': 138, 'sale_ts': '2024-05-15 16:50:01.933'} to topic sales-usd partition 3 offset 343
2024-05-15 16:50:11 root         INFO     Produced {'seller_id': 'OMA', 'amount_usd': 283, 'sale_ts': '2024-05-15 16:50:06.944'} to topic sales-usd partition 4 offset 349
2024-05-15 16:50:16 root         INFO     Produced {'seller_id': 'DEN', 'amount_usd': 204, 'sale_ts': '2024-05-15 16:50:11.945'} to topic sales-usd partition 1 offset 349
2024-05-15 16:50:21 root         INFO     Produced {'seller_id': 'DEN', 'amount_usd': 166, 'sale_ts': '2024-05-15 16:50:16.961'} to topic sales-usd partition 0 offset 384
2024-05-15 16:50:26 root         INFO     Produced {'seller_id': 'KC', 'amount_usd': 931, 'sale_ts': '2024-05-15 16:50:21.972'} to topic sales-usd partition 4 offset 359
2024-05-15 16:50:31 root         INFO     Produced {'seller_id': 'LNK', 'amount_usd': 870, 'sale_ts': '2024-05-15 16:50:26.979'} to topic sales-usd partition 4 offset 369
2024-05-15 16:50:36 root         INFO     Produced {'seller_id': 'DEN', 'amount_usd': 744, 'sale_ts': '2024-05-15 16:50:31.987'} to topic sales-usd partition 5 offset 322
2024-05-15 16:50:41 root         INFO     Produced {'seller_id': 'LNK', 'amount_usd': 635, 'sale_ts': '2024-05-15 16:50:36.990'} to topic sales-usd partition 3 offset 353
2024-05-15 16:50:46 root         INFO     Produced {'seller_id': 'LNK', 'amount_usd': 859, 'sale_ts': '2024-05-15 16:50:41.993'} to topic sales-usd partition 2 offset 277
2024-05-15 16:50:52 root         INFO     Produced {'seller_id': 'OMA', 'amount_usd': 651, 'sale_ts': '2024-05-15 16:50:46.999'} to topic sales-usd partition 4 offset 379
2024-05-15 16:50:57 root         INFO     Produced {'seller_id': 'DEN', 'amount_usd': 338, 'sale_ts': '2024-05-15 16:50:52.006'} to topic sales-usd partition 0 offset 394
2024-05-15 16:51:02 root         INFO     Produced {'seller_id': 'LNK', 'amount_usd': 189, 'sale_ts': '2024-05-15 16:50:57.019'} to topic sales-usd partition 5 offset 332
2024-05-15 16:51:07 root         INFO     Produced {'seller_id': 'OMA', 'amount_usd': 107, 'sale_ts': '2024-05-15 16:51:02.032'} to topic sales-usd partition 2 offset 287
2024-05-15 16:51:12 root         INFO     Produced {'seller_id': 'DEN', 'amount_usd': 625, 'sale_ts': '2024-05-15 16:51:07.040'} to topic sales-usd partition 0 offset 404
2024-05-15 16:51:17 root         INFO     Produced {'seller_id': 'LNK', 'amount_usd': 264, 'sale_ts': '2024-05-15 16:51:12.047'} to topic sales-usd partition 0 offset 414
2024-05-15 16:51:22 root         INFO     Produced {'seller_id': 'KC', 'amount_usd': 606, 'sale_ts': '2024-05-15 16:51:17.059'} to topic sales-usd partition 4 offset 389
2024-05-15 16:51:27 root         INFO     Produced {'seller_id': 'OMA', 'amount_usd': 129, 'sale_ts': '2024-05-15 16:51:22.070'} to topic sales-usd partition 3 offset 363
2024-05-15 16:51:32 root         INFO     Produced {'seller_id': 'OMA', 'amount_usd': 546, 'sale_ts': '2024-05-15 16:51:27.075'} to topic sales-usd partition 4 offset 399
2024-05-15 16:51:37 root         INFO     Produced {'seller_id': 'LNK', 'amount_usd': 134, 'sale_ts': '2024-05-15 16:51:32.090'} to topic sales-usd partition 5 offset 342
2024-05-15 16:51:42 root         INFO     Produced {'seller_id': 'OMA', 'amount_usd': 753, 'sale_ts': '2024-05-15 16:51:37.104'} to topic sales-usd partition 5 offset 352
2024-05-15 16:51:47 root         INFO     Produced {'seller_id': 'DEN', 'amount_usd': 826, 'sale_ts': '2024-05-15 16:51:42.106'} to topic sales-usd partition 0 offset 424
2024-05-15 16:51:52 root         INFO     Produced {'seller_id': 'OMA', 'amount_usd': 849, 'sale_ts': '2024-05-15 16:51:47.109'} to topic sales-usd partition 3 offset 373
2024-05-15 16:51:57 root         INFO     Produced {'seller_id': 'KC', 'amount_usd': 510, 'sale_ts': '2024-05-15 16:51:52.122'} to topic sales-usd partition 4 offset 409
2024-05-15 16:52:02 root         INFO     Produced {'seller_id': 'DEN', 'amount_usd': 544, 'sale_ts': '2024-05-15 16:51:57.136'} to topic sales-usd partition 3 offset 383
2024-05-15 16:52:07 root         INFO     Produced {'seller_id': 'KC', 'amount_usd': 511, 'sale_ts': '2024-05-15 16:52:02.141'} to topic sales-usd partition 5 offset 362
2024-05-15 16:52:12 root         INFO     Produced {'seller_id': 'KC', 'amount_usd': 996, 'sale_ts': '2024-05-15 16:52:07.143'} to topic sales-usd partition 3 offset 393
2024-05-15 16:52:17 root         INFO     Produced {'seller_id': 'KC', 'amount_usd': 886, 'sale_ts': '2024-05-15 16:52:12.159'} to topic sales-usd partition 3 offset 403
2024-05-15 16:52:22 root         INFO     Produced {'seller_id': 'DEN', 'amount_usd': 604, 'sale_ts': '2024-05-15 16:52:17.175'} to topic sales-usd partition 0 offset 434
2024-05-15 16:52:27 root         INFO     Produced {'seller_id': 'DEN', 'amount_usd': 875, 'sale_ts': '2024-05-15 16:52:22.178'} to topic sales-usd partition 5 offset 372
2024-05-15 16:52:32 root         INFO     Produced {'seller_id': 'OMA', 'amount_usd': 508, 'sale_ts': '2024-05-15 16:52:27.194'} to topic sales-usd partition 2 offset 297
2024-05-15 16:52:37 root         INFO     Produced {'seller_id': 'OMA', 'amount_usd': 921, 'sale_ts': '2024-05-15 16:52:32.198'} to topic sales-usd partition 4 offset 419
2024-05-15 16:52:42 root         INFO     Produced {'seller_id': 'LNK', 'amount_usd': 970, 'sale_ts': '2024-05-15 16:52:37.206'} to topic sales-usd partition 2 offset 307
2024-05-15 16:52:47 root         INFO     Produced {'seller_id': 'OMA', 'amount_usd': 277, 'sale_ts': '2024-05-15 16:52:42.213'} to topic sales-usd partition 0 offset 444
2024-05-15 16:52:52 root         INFO     Produced {'seller_id': 'KC', 'amount_usd': 934, 'sale_ts': '2024-05-15 16:52:47.223'} to topic sales-usd partition 2 offset 317
2024-05-15 16:52:57 root         INFO     Produced {'seller_id': 'DEN', 'amount_usd': 816, 'sale_ts': '2024-05-15 16:52:52.235'} to topic sales-usd partition 1 offset 359
2024-05-15 16:53:02 root         INFO     Produced {'seller_id': 'DEN', 'amount_usd': 410, 'sale_ts': '2024-05-15 16:52:57.250'} to topic sales-usd partition 4 offset 429
2024-05-15 16:53:07 root         INFO     Produced {'seller_id': 'LNK', 'amount_usd': 618, 'sale_ts': '2024-05-15 16:53:02.255'} to topic sales-usd partition 0 offset 454
2024-05-15 16:53:12 root         INFO     Produced {'seller_id': 'KC', 'amount_usd': 352, 'sale_ts': '2024-05-15 16:53:07.267'} to topic sales-usd partition 5 offset 382
2024-05-15 16:53:17 root         INFO     Produced {'seller_id': 'DEN', 'amount_usd': 401, 'sale_ts': '2024-05-15 16:53:12.270'} to topic sales-usd partition 1 offset 369
2024-05-15 16:53:22 root         INFO     Produced {'seller_id': 'KC', 'amount_usd': 669, 'sale_ts': '2024-05-15 16:53:17.286'} to topic sales-usd partition 1 offset 379
2024-05-15 16:53:27 root         INFO     Produced {'seller_id': 'LNK', 'amount_usd': 614, 'sale_ts': '2024-05-15 16:53:22.294'} to topic sales-usd partition 1 offset 389
2024-05-15 16:53:32 root         INFO     Produced {'seller_id': 'DEN', 'amount_usd': 495, 'sale_ts': '2024-05-15 16:53:27.295'} to topic sales-usd partition 5 offset 392
2024-05-15 16:53:37 root         INFO     Produced {'seller_id': 'KC', 'amount_usd': 649, 'sale_ts': '2024-05-15 16:53:32.311'} to topic sales-usd partition 4 offset 439
2024-05-15 16:53:42 root         INFO     Produced {'seller_id': 'KC', 'amount_usd': 363, 'sale_ts': '2024-05-15 16:53:37.317'} to topic sales-usd partition 0 offset 464
2024-05-15 16:53:47 root         INFO     Produced {'seller_id': 'OMA', 'amount_usd': 388, 'sale_ts': '2024-05-15 16:53:42.331'} to topic sales-usd partition 3 offset 413
2024-05-15 16:53:52 root         INFO     Produced {'seller_id': 'OMA', 'amount_usd': 616, 'sale_ts': '2024-05-15 16:53:47.341'} to topic sales-usd partition 0 offset 474
2024-05-15 16:53:57 root         INFO     Produced {'seller_id': 'KC', 'amount_usd': 578, 'sale_ts': '2024-05-15 16:53:52.346'} to topic sales-usd partition 2 offset 327
2024-05-15 16:54:02 root         INFO     Produced {'seller_id': 'LNK', 'amount_usd': 707, 'sale_ts': '2024-05-15 16:53:57.356'} to topic sales-usd partition 2 offset 337
2024-05-15 16:54:07 root         INFO     Produced {'seller_id': 'OMA', 'amount_usd': 422, 'sale_ts': '2024-05-15 16:54:02.363'} to topic sales-usd partition 2 offset 347
2024-05-15 16:54:12 root         INFO     Produced {'seller_id': 'OMA', 'amount_usd': 466, 'sale_ts': '2024-05-15 16:54:07.372'} to topic sales-usd partition 4 offset 449
2024-05-15 16:54:17 root         INFO     Produced {'seller_id': 'LNK', 'amount_usd': 278, 'sale_ts': '2024-05-15 16:54:12.382'} to topic sales-usd partition 5 offset 402
2024-05-15 16:54:22 root         INFO     Produced {'seller_id': 'KC', 'amount_usd': 962, 'sale_ts': '2024-05-15 16:54:17.384'} to topic sales-usd partition 5 offset 412
2024-05-15 16:54:27 root         INFO     Produced {'seller_id': 'KC', 'amount_usd': 683, 'sale_ts': '2024-05-15 16:54:22.396'} to topic sales-usd partition 5 offset 422
2024-05-15 16:54:32 root         INFO     Produced {'seller_id': 'LNK', 'amount_usd': 538, 'sale_ts': '2024-05-15 16:54:27.413'} to topic sales-usd partition 5 offset 432
2024-05-15 16:54:37 root         INFO     Produced {'seller_id': 'LNK', 'amount_usd': 851, 'sale_ts': '2024-05-15 16:54:32.423'} to topic sales-usd partition 3 offset 423
2024-05-15 16:54:42 root         INFO     Produced {'seller_id': 'LNK', 'amount_usd': 194, 'sale_ts': '2024-05-15 16:54:37.424'} to topic sales-usd partition 1 offset 399
2024-05-15 16:54:47 root         INFO     Produced {'seller_id': 'OMA', 'amount_usd': 659, 'sale_ts': '2024-05-15 16:54:42.435'} to topic sales-usd partition 2 offset 357
2024-05-15 16:54:52 root         INFO     Produced {'seller_id': 'OMA', 'amount_usd': 882, 'sale_ts': '2024-05-15 16:54:47.440'} to topic sales-usd partition 2 offset 367
2024-05-15 16:54:57 root         INFO     Produced {'seller_id': 'DEN', 'amount_usd': 892, 'sale_ts': '2024-05-15 16:54:52.455'} to topic sales-usd partition 5 offset 442
2024-05-15 16:55:02 root         INFO     Produced {'seller_id': 'DEN', 'amount_usd': 120, 'sale_ts': '2024-05-15 16:54:57.471'} to topic sales-usd partition 3 offset 433
2024-05-15 16:55:07 root         INFO     Produced {'seller_id': 'DEN', 'amount_usd': 619, 'sale_ts': '2024-05-15 16:55:02.486'} to topic sales-usd partition 2 offset 377
2024-05-15 16:55:12 root         INFO     Produced {'seller_id': 'DEN', 'amount_usd': 233, 'sale_ts': '2024-05-15 16:55:07.491'} to topic sales-usd partition 1 offset 409
2024-05-15 16:55:17 root         INFO     Produced {'seller_id': 'DEN', 'amount_usd': 972, 'sale_ts': '2024-05-15 16:55:12.505'} to topic sales-usd partition 1 offset 419
2024-05-15 16:55:22 root         INFO     Produced {'seller_id': 'LNK', 'amount_usd': 569, 'sale_ts': '2024-05-15 16:55:17.508'} to topic sales-usd partition 0 offset 484
2024-05-15 16:55:27 root         INFO     Produced {'seller_id': 'OMA', 'amount_usd': 592, 'sale_ts': '2024-05-15 16:55:22.514'} to topic sales-usd partition 1 offset 429
2024-05-15 16:55:32 root         INFO     Produced {'seller_id': 'LNK', 'amount_usd': 275, 'sale_ts': '2024-05-15 16:55:27.520'} to topic sales-usd partition 4 offset 459
2024-05-15 16:55:37 root         INFO     Produced {'seller_id': 'DEN', 'amount_usd': 479, 'sale_ts': '2024-05-15 16:55:32.532'} to topic sales-usd partition 4 offset 469
2024-05-15 16:55:42 root         INFO     Produced {'seller_id': 'KC', 'amount_usd': 456, 'sale_ts': '2024-05-15 16:55:37.534'} to topic sales-usd partition 4 offset 479
2024-05-15 16:55:47 root         INFO     Produced {'seller_id': 'DEN', 'amount_usd': 137, 'sale_ts': '2024-05-15 16:55:42.543'} to topic sales-usd partition 3 offset 443
2024-05-15 16:55:52 root         INFO     Produced {'seller_id': 'DEN', 'amount_usd': 302, 'sale_ts': '2024-05-15 16:55:47.555'} to topic sales-usd partition 4 offset 489
2024-05-15 16:55:57 root         INFO     Produced {'seller_id': 'LNK', 'amount_usd': 397, 'sale_ts': '2024-05-15 16:55:52.560'} to topic sales-usd partition 3 offset 453
2024-05-15 16:56:02 root         INFO     Produced {'seller_id': 'LNK', 'amount_usd': 108, 'sale_ts': '2024-05-15 16:55:57.572'} to topic sales-usd partition 1 offset 439
2024-05-15 16:56:07 root         INFO     Produced {'seller_id': 'OMA', 'amount_usd': 521, 'sale_ts': '2024-05-15 16:56:02.577'} to topic sales-usd partition 3 offset 463
2024-05-15 16:56:12 root         INFO     Produced {'seller_id': 'DEN', 'amount_usd': 832, 'sale_ts': '2024-05-15 16:56:07.583'} to topic sales-usd partition 0 offset 494
2024-05-15 16:56:17 root         INFO     Produced {'seller_id': 'DEN', 'amount_usd': 534, 'sale_ts': '2024-05-15 16:56:12.590'} to topic sales-usd partition 4 offset 499
2024-05-15 16:56:22 root         INFO     Produced {'seller_id': 'OMA', 'amount_usd': 798, 'sale_ts': '2024-05-15 16:56:17.599'} to topic sales-usd partition 4 offset 509
2024-05-15 16:56:27 root         INFO     Produced {'seller_id': 'LNK', 'amount_usd': 397, 'sale_ts': '2024-05-15 16:56:22.600'} to topic sales-usd partition 3 offset 473
2024-05-15 16:56:32 root         INFO     Produced {'seller_id': 'KC', 'amount_usd': 678, 'sale_ts': '2024-05-15 16:56:27.601'} to topic sales-usd partition 4 offset 519
2024-05-15 16:56:37 root         INFO     Produced {'seller_id': 'DEN', 'amount_usd': 770, 'sale_ts': '2024-05-15 16:56:32.605'} to topic sales-usd partition 4 offset 529
2024-05-15 16:56:42 root         INFO     Produced {'seller_id': 'LNK', 'amount_usd': 860, 'sale_ts': '2024-05-15 16:56:37.614'} to topic sales-usd partition 1 offset 449
2024-05-15 16:56:47 root         INFO     Produced {'seller_id': 'KC', 'amount_usd': 154, 'sale_ts': '2024-05-15 16:56:42.619'} to topic sales-usd partition 1 offset 459
2024-05-15 16:56:52 root         INFO     Produced {'seller_id': 'LNK', 'amount_usd': 530, 'sale_ts': '2024-05-15 16:56:47.622'} to topic sales-usd partition 4 offset 539
2024-05-15 16:56:57 root         INFO     Produced {'seller_id': 'LNK', 'amount_usd': 211, 'sale_ts': '2024-05-15 16:56:52.638'} to topic sales-usd partition 3 offset 483
2024-05-15 16:57:02 root         INFO     Produced {'seller_id': 'KC', 'amount_usd': 103, 'sale_ts': '2024-05-15 16:56:57.652'} to topic sales-usd partition 2 offset 387
2024-05-15 16:57:07 root         INFO     Produced {'seller_id': 'DEN', 'amount_usd': 191, 'sale_ts': '2024-05-15 16:57:02.656'} to topic sales-usd partition 1 offset 469
2024-05-15 16:57:12 root         INFO     Produced {'seller_id': 'OMA', 'amount_usd': 179, 'sale_ts': '2024-05-15 16:57:07.666'} to topic sales-usd partition 4 offset 549
2024-05-15 16:57:17 root         INFO     Produced {'seller_id': 'OMA', 'amount_usd': 695, 'sale_ts': '2024-05-15 16:57:12.682'} to topic sales-usd partition 5 offset 452
2024-05-15 16:57:22 root         INFO     Produced {'seller_id': 'DEN', 'amount_usd': 468, 'sale_ts': '2024-05-15 16:57:17.684'} to topic sales-usd partition 2 offset 397
2024-05-15 16:57:27 root         INFO     Produced {'seller_id': 'KC', 'amount_usd': 782, 'sale_ts': '2024-05-15 16:57:22.700'} to topic sales-usd partition 5 offset 462
2024-05-15 16:57:32 root         INFO     Produced {'seller_id': 'LNK', 'amount_usd': 388, 'sale_ts': '2024-05-15 16:57:27.709'} to topic sales-usd partition 2 offset 407
2024-05-15 16:57:37 root         INFO     Produced {'seller_id': 'DEN', 'amount_usd': 684, 'sale_ts': '2024-05-15 16:57:32.710'} to topic sales-usd partition 4 offset 559
2024-05-15 16:57:42 root         INFO     Produced {'seller_id': 'KC', 'amount_usd': 111, 'sale_ts': '2024-05-15 16:57:37.723'} to topic sales-usd partition 5 offset 472
2024-05-15 16:57:47 root         INFO     Produced {'seller_id': 'LNK', 'amount_usd': 683, 'sale_ts': '2024-05-15 16:57:42.727'} to topic sales-usd partition 3 offset 493
2024-05-15 16:57:52 root         INFO     Produced {'seller_id': 'OMA', 'amount_usd': 779, 'sale_ts': '2024-05-15 16:57:47.737'} to topic sales-usd partition 3 offset 503
2024-05-15 16:57:57 root         INFO     Produced {'seller_id': 'DEN', 'amount_usd': 436, 'sale_ts': '2024-05-15 16:57:52.754'} to topic sales-usd partition 0 offset 504
2024-05-15 16:58:02 root         INFO     Produced {'seller_id': 'KC', 'amount_usd': 495, 'sale_ts': '2024-05-15 16:57:57.768'} to topic sales-usd partition 4 offset 569
2024-05-15 16:58:07 root         INFO     Produced {'seller_id': 'OMA', 'amount_usd': 337, 'sale_ts': '2024-05-15 16:58:02.782'} to topic sales-usd partition 0 offset 514
2024-05-15 16:58:12 root         INFO     Produced {'seller_id': 'LNK', 'amount_usd': 184, 'sale_ts': '2024-05-15 16:58:07.798'} to topic sales-usd partition 5 offset 482
2024-05-15 16:58:17 root         INFO     Produced {'seller_id': 'LNK', 'amount_usd': 996, 'sale_ts': '2024-05-15 16:58:12.806'} to topic sales-usd partition 1 offset 479
2024-05-15 16:58:22 root         INFO     Produced {'seller_id': 'KC', 'amount_usd': 104, 'sale_ts': '2024-05-15 16:58:17.816'} to topic sales-usd partition 3 offset 513
2024-05-15 16:58:27 root         INFO     Produced {'seller_id': 'DEN', 'amount_usd': 971, 'sale_ts': '2024-05-15 16:58:22.830'} to topic sales-usd partition 0 offset 524
2024-05-15 16:58:32 root         INFO     Produced {'seller_id': 'KC', 'amount_usd': 294, 'sale_ts': '2024-05-15 16:58:27.846'} to topic sales-usd partition 4 offset 579
2024-05-15 16:58:37 root         INFO     Produced {'seller_id': 'LNK', 'amount_usd': 138, 'sale_ts': '2024-05-15 16:58:32.846'} to topic sales-usd partition 5 offset 492
2024-05-15 16:58:42 root         INFO     Produced {'seller_id': 'OMA', 'amount_usd': 335, 'sale_ts': '2024-05-15 16:58:37.850'} to topic sales-usd partition 4 offset 589
2024-05-15 16:58:47 root         INFO     Produced {'seller_id': 'DEN', 'amount_usd': 615, 'sale_ts': '2024-05-15 16:58:42.859'} to topic sales-usd partition 1 offset 489
2024-05-15 16:58:52 root         INFO     Produced {'seller_id': 'OMA', 'amount_usd': 161, 'sale_ts': '2024-05-15 16:58:47.870'} to topic sales-usd partition 5 offset 502
2024-05-15 16:58:57 root         INFO     Produced {'seller_id': 'LNK', 'amount_usd': 635, 'sale_ts': '2024-05-15 16:58:52.885'} to topic sales-usd partition 0 offset 534
2024-05-15 16:59:02 root         INFO     Produced {'seller_id': 'DEN', 'amount_usd': 717, 'sale_ts': '2024-05-15 16:58:57.901'} to topic sales-usd partition 1 offset 499
2024-05-15 16:59:07 root         INFO     Produced {'seller_id': 'DEN', 'amount_usd': 402, 'sale_ts': '2024-05-15 16:59:02.907'} to topic sales-usd partition 3 offset 523
2024-05-15 16:59:12 root         INFO     Produced {'seller_id': 'LNK', 'amount_usd': 585, 'sale_ts': '2024-05-15 16:59:07.920'} to topic sales-usd partition 1 offset 509
2024-05-15 16:59:17 root         INFO     Produced {'seller_id': 'LNK', 'amount_usd': 335, 'sale_ts': '2024-05-15 16:59:12.924'} to topic sales-usd partition 4 offset 599
2024-05-15 16:59:22 root         INFO     Produced {'seller_id': 'DEN', 'amount_usd': 115, 'sale_ts': '2024-05-15 16:59:17.934'} to topic sales-usd partition 1 offset 519
2024-05-15 16:59:27 root         INFO     Produced {'seller_id': 'KC', 'amount_usd': 806, 'sale_ts': '2024-05-15 16:59:22.940'} to topic sales-usd partition 0 offset 544
2024-05-15 16:59:32 root         INFO     Produced {'seller_id': 'KC', 'amount_usd': 642, 'sale_ts': '2024-05-15 16:59:27.954'} to topic sales-usd partition 0 offset 554
2024-05-15 16:59:37 root         INFO     Produced {'seller_id': 'OMA', 'amount_usd': 664, 'sale_ts': '2024-05-15 16:59:32.956'} to topic sales-usd partition 0 offset 564
2024-05-15 16:59:42 root         INFO     Produced {'seller_id': 'KC', 'amount_usd': 287, 'sale_ts': '2024-05-15 16:59:37.958'} to topic sales-usd partition 0 offset 574
2024-05-15 16:59:47 root         INFO     Produced {'seller_id': 'LNK', 'amount_usd': 119, 'sale_ts': '2024-05-15 16:59:42.960'} to topic sales-usd partition 2 offset 417
2024-05-15 16:59:52 root         INFO     Produced {'seller_id': 'DEN', 'amount_usd': 565, 'sale_ts': '2024-05-15 16:59:47.965'} to topic sales-usd partition 3 offset 533
2024-05-15 16:59:57 root         INFO     Produced {'seller_id': 'DEN', 'amount_usd': 891, 'sale_ts': '2024-05-15 16:59:52.973'} to topic sales-usd partition 0 offset 584
2024-05-15 17:00:02 root         INFO     Produced {'seller_id': 'KC', 'amount_usd': 452, 'sale_ts': '2024-05-15 16:59:57.977'} to topic sales-usd partition 5 offset 512
2024-05-15 17:00:07 root         INFO     Produced {'seller_id': 'KC', 'amount_usd': 439, 'sale_ts': '2024-05-15 17:00:02.985'} to topic sales-usd partition 0 offset 594
2024-05-15 17:00:12 root         INFO     Produced {'seller_id': 'KC', 'amount_usd': 150, 'sale_ts': '2024-05-15 17:00:07.995'} to topic sales-usd partition 3 offset 543
2024-05-15 17:00:18 root         INFO     Produced {'seller_id': 'OMA', 'amount_usd': 761, 'sale_ts': '2024-05-15 17:00:12.996'} to topic sales-usd partition 4 offset 609
2024-05-15 17:00:23 root         INFO     Produced {'seller_id': 'LNK', 'amount_usd': 567, 'sale_ts': '2024-05-15 17:00:18.001'} to topic sales-usd partition 1 offset 529
2024-05-15 17:00:28 root         INFO     Produced {'seller_id': 'LNK', 'amount_usd': 406, 'sale_ts': '2024-05-15 17:00:23.018'} to topic sales-usd partition 5 offset 522
2024-05-15 17:00:33 root         INFO     Produced {'seller_id': 'KC', 'amount_usd': 508, 'sale_ts': '2024-05-15 17:00:28.025'} to topic sales-usd partition 0 offset 604
2024-05-15 17:00:38 root         INFO     Produced {'seller_id': 'KC', 'amount_usd': 308, 'sale_ts': '2024-05-15 17:00:33.033'} to topic sales-usd partition 0 offset 614
2024-05-15 17:00:43 root         INFO     Produced {'seller_id': 'LNK', 'amount_usd': 194, 'sale_ts': '2024-05-15 17:00:38.038'} to topic sales-usd partition 5 offset 532
2024-05-15 17:00:48 root         INFO     Produced {'seller_id': 'LNK', 'amount_usd': 985, 'sale_ts': '2024-05-15 17:00:43.049'} to topic sales-usd partition 5 offset 542
2024-05-15 17:00:53 root         INFO     Produced {'seller_id': 'KC', 'amount_usd': 140, 'sale_ts': '2024-05-15 17:00:48.063'} to topic sales-usd partition 5 offset 552
2024-05-15 17:00:58 root         INFO     Produced {'seller_id': 'LNK', 'amount_usd': 190, 'sale_ts': '2024-05-15 17:00:53.068'} to topic sales-usd partition 0 offset 624
2024-05-15 17:01:03 root         INFO     Produced {'seller_id': 'LNK', 'amount_usd': 601, 'sale_ts': '2024-05-15 17:00:58.071'} to topic sales-usd partition 4 offset 619
2024-05-15 17:01:08 root         INFO     Produced {'seller_id': 'KC', 'amount_usd': 500, 'sale_ts': '2024-05-15 17:01:03.085'} to topic sales-usd partition 3 offset 553
2024-05-15 17:01:13 root         INFO     Produced {'seller_id': 'KC', 'amount_usd': 500, 'sale_ts': '2024-05-15 17:01:08.092'} to topic sales-usd partition 3 offset 563
2024-05-15 17:01:18 root         INFO     Produced {'seller_id': 'KC', 'amount_usd': 888, 'sale_ts': '2024-05-15 17:01:13.105'} to topic sales-usd partition 3 offset 573
2024-05-15 17:01:23 root         INFO     Produced {'seller_id': 'OMA', 'amount_usd': 367, 'sale_ts': '2024-05-15 17:01:18.113'} to topic sales-usd partition 2 offset 427
2024-05-15 17:01:28 root         INFO     Produced {'seller_id': 'OMA', 'amount_usd': 508, 'sale_ts': '2024-05-15 17:01:23.119'} to topic sales-usd partition 1 offset 539
2024-05-15 17:01:33 root         INFO     Produced {'seller_id': 'DEN', 'amount_usd': 722, 'sale_ts': '2024-05-15 17:01:28.130'} to topic sales-usd partition 4 offset 629
2024-05-15 17:01:38 root         INFO     Produced {'seller_id': 'LNK', 'amount_usd': 362, 'sale_ts': '2024-05-15 17:01:33.137'} to topic sales-usd partition 2 offset 437
2024-05-15 17:01:43 root         INFO     Produced {'seller_id': 'LNK', 'amount_usd': 906, 'sale_ts': '2024-05-15 17:01:38.145'} to topic sales-usd partition 5 offset 562
2024-05-15 17:01:48 root         INFO     Produced {'seller_id': 'OMA', 'amount_usd': 395, 'sale_ts': '2024-05-15 17:01:43.153'} to topic sales-usd partition 0 offset 634
2024-05-15 17:01:53 root         INFO     Produced {'seller_id': 'LNK', 'amount_usd': 998, 'sale_ts': '2024-05-15 17:01:48.159'} to topic sales-usd partition 3 offset 583
2024-05-15 17:01:58 root         INFO     Produced {'seller_id': 'DEN', 'amount_usd': 254, 'sale_ts': '2024-05-15 17:01:53.173'} to topic sales-usd partition 1 offset 549
2024-05-15 17:02:03 root         INFO     Produced {'seller_id': 'OMA', 'amount_usd': 932, 'sale_ts': '2024-05-15 17:01:58.186'} to topic sales-usd partition 3 offset 593
2024-05-15 17:02:08 root         INFO     Produced {'seller_id': 'KC', 'amount_usd': 184, 'sale_ts': '2024-05-15 17:02:03.192'} to topic sales-usd partition 4 offset 639
2024-05-15 17:02:13 root         INFO     Produced {'seller_id': 'KC', 'amount_usd': 694, 'sale_ts': '2024-05-15 17:02:08.193'} to topic sales-usd partition 5 offset 572
2024-05-15 17:02:18 root         INFO     Produced {'seller_id': 'LNK', 'amount_usd': 490, 'sale_ts': '2024-05-15 17:02:13.195'} to topic sales-usd partition 4 offset 649
2024-05-15 17:02:20 root         INFO     Produced {'seller_id': 'LNK', 'amount_usd': 683, 'sale_ts': '2024-05-15 17:02:18.195'} to topic sales-usd partition 0 offset 644
